Using pre-set license
Built from '2021.3/staging' branch; Version is '2021.3.1f1 (3b70a0754835) revision 3895456'; Using compiler version '192829333'; Build Type 'Release'
OS: 'Windows 11  (10.0.22000) 64bit Core' Language: 'en' Physical Memory: 16222 MB
BatchMode: 1, IsHumanControllingUs: 0, StartBugReporterOnCrash: 0, Is64bit: 1, IsPro: 1

COMMAND LINE ARGUMENTS:
C:\Program Files\Unity\Hub\Editor\2021.3.1f1\Editor\Unity.exe
-adb2
-batchMode
-noUpm
-name
AssetImportWorker4
-projectPath
C:/Users/ayham/My project
-logFile
Logs/AssetImportWorker4.log
-srvPort
63643
Successfully changed project path to: C:/Users/ayham/My project
C:/Users/ayham/My project
[UnityMemory] Configuration Parameters - Can be set up in boot.config
    "memorysetup-bucket-allocator-granularity=16"
    "memorysetup-bucket-allocator-bucket-count=8"
    "memorysetup-bucket-allocator-block-size=33554432"
    "memorysetup-bucket-allocator-block-count=8"
    "memorysetup-main-allocator-block-size=16777216"
    "memorysetup-thread-allocator-block-size=16777216"
    "memorysetup-gfx-main-allocator-block-size=16777216"
    "memorysetup-gfx-thread-allocator-block-size=16777216"
    "memorysetup-cache-allocator-block-size=4194304"
    "memorysetup-typetree-allocator-block-size=2097152"
    "memorysetup-profiler-bucket-allocator-granularity=16"
    "memorysetup-profiler-bucket-allocator-bucket-count=8"
    "memorysetup-profiler-bucket-allocator-block-size=33554432"
    "memorysetup-profiler-bucket-allocator-block-count=8"
    "memorysetup-profiler-allocator-block-size=16777216"
    "memorysetup-profiler-editor-allocator-block-size=1048576"
    "memorysetup-temp-allocator-size-main=16777216"
    "memorysetup-job-temp-allocator-block-size=2097152"
    "memorysetup-job-temp-allocator-block-size-background=1048576"
    "memorysetup-job-temp-allocator-reduction-small-platforms=262144"
    "memorysetup-temp-allocator-size-background-worker=32768"
    "memorysetup-temp-allocator-size-job-worker=262144"
    "memorysetup-temp-allocator-size-preload-manager=33554432"
    "memorysetup-temp-allocator-size-nav-mesh-worker=65536"
    "memorysetup-temp-allocator-size-audio-worker=65536"
    "memorysetup-temp-allocator-size-cloud-worker=32768"
    "memorysetup-temp-allocator-size-gi-baking-worker=262144"
    "memorysetup-temp-allocator-size-gfx=262144"
Refreshing native plugins compatible for Editor in 33.88 ms, found 2 plugins.
Preloading 0 native plugins for Editor in 0.00 ms.
Initialize engine version: 2021.3.1f1 (3b70a0754835)
[Subsystems] Discovering subsystems at path C:/Program Files/Unity/Hub/Editor/2021.3.1f1/Editor/Data/Resources/UnitySubsystems
[Subsystems] Discovering subsystems at path C:/Users/ayham/My project/Assets
GfxDevice: creating device client; threaded=0; jobified=0
Direct3D:
    Version:  Direct3D 11.0 [level 11.1]
    Renderer: NVIDIA GeForce RTX 2070 Super (ID=0x1ed1)
    Vendor:   NVIDIA
    VRAM:     8012 MB
    Driver:   30.0.15.1179
Initialize mono
Mono path[0] = 'C:/Program Files/Unity/Hub/Editor/2021.3.1f1/Editor/Data/Managed'
Mono path[1] = 'C:/Program Files/Unity/Hub/Editor/2021.3.1f1/Editor/Data/MonoBleedingEdge/lib/mono/unityjit-win32'
Mono config path = 'C:/Program Files/Unity/Hub/Editor/2021.3.1f1/Editor/Data/MonoBleedingEdge/etc'
Using monoOptions --debugger-agent=transport=dt_socket,embedding=1,server=y,suspend=n,address=127.0.0.1:56464
Begin MonoManager ReloadAssembly
Registering precompiled unity dll's ...
Register platform support module: C:/Program Files/Unity/Hub/Editor/2021.3.1f1/Editor/Data/PlaybackEngines/WindowsStandaloneSupport/UnityEditor.WindowsStandalone.Extensions.dll
Registered in 0.003400 seconds.
Native extension for WindowsStandalone target not found
Refreshing native plugins compatible for Editor in 33.57 ms, found 2 plugins.
Preloading 0 native plugins for Editor in 0.00 ms.
Mono: successfully reloaded assembly
- Completed reload, in  0.557 seconds
Domain Reload Profiling:
	ReloadAssembly (557ms)
		BeginReloadAssembly (74ms)
			ExecutionOrderSort (0ms)
			DisableScriptedObjects (0ms)
			BackupInstance (0ms)
			ReleaseScriptingObjects (0ms)
			CreateAndSetChildDomain (1ms)
		EndReloadAssembly (373ms)
			LoadAssemblies (72ms)
			RebuildTransferFunctionScriptingTraits (0ms)
			SetupTypeCache (100ms)
			ReleaseScriptCaches (0ms)
			RebuildScriptCaches (32ms)
			SetupLoadedEditorAssemblies (197ms)
				LogAssemblyErrors (0ms)
				InitializePlatformSupportModulesInManaged (6ms)
				SetLoadedEditorAssemblies (0ms)
				RefreshPlugins (34ms)
				BeforeProcessingInitializeOnLoad (1ms)
				ProcessInitializeOnLoadAttributes (116ms)
				ProcessInitializeOnLoadMethodAttributes (40ms)
				AfterProcessingInitializeOnLoad (0ms)
				EditorAssembliesLoaded (0ms)
			ExecutionOrderSort2 (0ms)
			AwakeInstancesAfterBackupRestoration (0ms)
Platform modules already initialized, skipping
Registering precompiled user dll's ...
Registered in 0.001641 seconds.
Begin MonoManager ReloadAssembly
Symbol file LoadedFromMemory is not a mono symbol file
Native extension for WindowsStandalone target not found
Refreshing native plugins compatible for Editor in 0.49 ms, found 2 plugins.
Preloading 0 native plugins for Editor in 0.00 ms.
Mono: successfully reloaded assembly
- Completed reload, in  0.786 seconds
Domain Reload Profiling:
	ReloadAssembly (787ms)
		BeginReloadAssembly (106ms)
			ExecutionOrderSort (0ms)
			DisableScriptedObjects (6ms)
			BackupInstance (0ms)
			ReleaseScriptingObjects (0ms)
			CreateAndSetChildDomain (19ms)
		EndReloadAssembly (576ms)
			LoadAssemblies (64ms)
			RebuildTransferFunctionScriptingTraits (0ms)
			SetupTypeCache (162ms)
			ReleaseScriptCaches (0ms)
			RebuildScriptCaches (43ms)
			SetupLoadedEditorAssemblies (262ms)
				LogAssemblyErrors (0ms)
				InitializePlatformSupportModulesInManaged (5ms)
				SetLoadedEditorAssemblies (1ms)
				RefreshPlugins (1ms)
				BeforeProcessingInitializeOnLoad (43ms)
				ProcessInitializeOnLoadAttributes (184ms)
				ProcessInitializeOnLoadMethodAttributes (24ms)
				AfterProcessingInitializeOnLoad (5ms)
				EditorAssembliesLoaded (0ms)
			ExecutionOrderSort2 (0ms)
			AwakeInstancesAfterBackupRestoration (7ms)
Platform modules already initialized, skipping
========================================================================
Worker process is ready to serve import requests
Launched and connected shader compiler UnityShaderCompiler.exe after 0.06 seconds
Refreshing native plugins compatible for Editor in 0.40 ms, found 2 plugins.
Preloading 0 native plugins for Editor in 0.00 ms.
Unloading 1663 Unused Serialized files (Serialized files now loaded: 0)
Unloading 18 unused Assets / (406.0 KB). Loaded Objects now: 2137.
Memory consumption went from 81.0 MB to 80.6 MB.
Total: 4.121500 ms (FindLiveObjects: 0.201400 ms CreateObjectMapping: 0.107500 ms MarkObjects: 3.521700 ms  DeleteObjects: 0.289700 ms)

AssetImportParameters requested are different than current active one (requested -> active):
  custom:video-decoder-ogg-theora: a1e56fd34408186e4bbccfd4996cb3dc -> 
  custom:container-muxer-webm: aa71ff27fc2769a1b78a27578f13a17b -> 
  custom:container-demuxer-webm: 4f35f7cbe854078d1ac9338744f61a02 -> 
  custom:video-encoder-webm-vp8: eb34c28f22e8b96e1ab97ce403110664 -> 
  custom:video-codec-MediaFoundation-h265: 746d11721c4dcdbdad8f713fa42b33f4 -> 
  custom:audio-encoder-webm-vorbis: bf7c407c2cedff20999df2af8eb42d56 -> 
  custom:framework-win-MediaFoundation: 216162199b28c13a410421893ffa2e32 -> 
  custom:container-demuxer-ogg: 62fdf1f143b41e24485cea50d1cbac27 -> 
  custom:video-decoder-webm-vp8: 9c59270c3fd7afecdb556c50c9e8de78 -> 
  custom:audio-decoder-ogg-vorbis: bf7c407c2cedff20999df2af8eb42d56 -> 
========================================================================
Received Import Request.
  Time since last request: 8632.217893 seconds.
  path: Assets/Office Room Furniture/Office/Textures
  artifactKey: Guid(3b93bd5f6b161b048840f2e1ad8310e1) Importer(815301076,1909f56bfc062723c751e8b465ee728b)
Start importing Assets/Office Room Furniture/Office/Textures using Guid(3b93bd5f6b161b048840f2e1ad8310e1) Importer(815301076,1909f56bfc062723c751e8b465ee728b)  -> (artifact id: '9a1f398173013a82fbcb252bdf71518b') in 0.008478 seconds 
========================================================================
Received Import Request.
  Time since last request: 0.025114 seconds.
  path: Assets/Office Room Furniture/Office/Textures/Armchair_1.png
  artifactKey: Guid(9f94dc89cf042154990ddc7935cd2746) Importer(815301076,1909f56bfc062723c751e8b465ee728b)
Start importing Assets/Office Room Furniture/Office/Textures/Armchair_1.png using Guid(9f94dc89cf042154990ddc7935cd2746) Importer(815301076,1909f56bfc062723c751e8b465ee728b)  -> (artifact id: '7bec5a5effecaa8355c9ddbc684a387a') in 0.074040 seconds 
========================================================================
Received Import Request.
  Time since last request: 0.000020 seconds.
  path: Assets/Office Room Furniture/Office/Textures/Frame_1_Normal.png
  artifactKey: Guid(96ab64a94f1976d44b0e16b68d4655c1) Importer(815301076,1909f56bfc062723c751e8b465ee728b)
Start importing Assets/Office Room Furniture/Office/Textures/Frame_1_Normal.png using Guid(96ab64a94f1976d44b0e16b68d4655c1) Importer(815301076,1909f56bfc062723c751e8b465ee728b)  -> (artifact id: 'bb37df3566ecaa8d2a3afc794c69fec5') in 0.057782 seconds 
========================================================================
Received Import Request.
  Time since last request: 0.000033 seconds.
  path: Assets/Office Room Furniture/Office/Textures/Monitor_1_Specular.png
  artifactKey: Guid(6a9d41bc04d9ee148a47c739e08943c3) Importer(815301076,1909f56bfc062723c751e8b465ee728b)
Start importing Assets/Office Room Furniture/Office/Textures/Monitor_1_Specular.png using Guid(6a9d41bc04d9ee148a47c739e08943c3) Importer(815301076,1909f56bfc062723c751e8b465ee728b)  -> (artifact id: 'b9d975b0913c1a160843ce56549a5562') in 0.033598 seconds 
========================================================================
Received Import Request.
  Time since last request: 0.000023 seconds.
  path: Assets/Office Room Furniture/Office/Textures/OfficeDesk_1.png
  artifactKey: Guid(ef086ebeecfccfe4baa8db55dbe8b392) Importer(815301076,1909f56bfc062723c751e8b465ee728b)
Start importing Assets/Office Room Furniture/Office/Textures/OfficeDesk_1.png using Guid(ef086ebeecfccfe4baa8db55dbe8b392) Importer(815301076,1909f56bfc062723c751e8b465ee728b)  -> (artifact id: 'b8288c0ba6c8b11e2c23591a40a72967') in 0.026640 seconds 
========================================================================
Received Import Request.
  Time since last request: 0.000025 seconds.
  path: Assets/Office Room Furniture/Office/Textures/OfficeChair_1_Specular.png
  artifactKey: Guid(c2507373ce5820c41a3d07be7332a611) Importer(815301076,1909f56bfc062723c751e8b465ee728b)
Start importing Assets/Office Room Furniture/Office/Textures/OfficeChair_1_Specular.png using Guid(c2507373ce5820c41a3d07be7332a611) Importer(815301076,1909f56bfc062723c751e8b465ee728b)  -> (artifact id: '616dc6e9a689ba1a90350cc6872dba26') in 0.023827 seconds 
========================================================================
Received Import Request.
  Time since last request: 0.000038 seconds.
  path: Assets/Office Room Furniture/Office/Textures/MouseKeyboard_1_Specular.png
  artifactKey: Guid(2d2b7e6dd81f90240974867c37f90798) Importer(815301076,1909f56bfc062723c751e8b465ee728b)
Start importing Assets/Office Room Furniture/Office/Textures/MouseKeyboard_1_Specular.png using Guid(2d2b7e6dd81f90240974867c37f90798) Importer(815301076,1909f56bfc062723c751e8b465ee728b)  -> (artifact id: 'df57bb3803f2123aff78aa6ba195eefd') in 0.013357 seconds 
========================================================================
Received Import Request.
  Time since last request: 0.000026 seconds.
  path: Assets/Office Room Furniture/Office/Textures/Armchair_4.png
  artifactKey: Guid(03ea044f723a75c4dbc4cece96e5752a) Importer(815301076,1909f56bfc062723c751e8b465ee728b)
Start importing Assets/Office Room Furniture/Office/Textures/Armchair_4.png using Guid(03ea044f723a75c4dbc4cece96e5752a) Importer(815301076,1909f56bfc062723c751e8b465ee728b)  -> (artifact id: '6977bb7ceeff5b4b8a8f0cdcd281a464') in 0.011510 seconds 
========================================================================
Received Import Request.
  Time since last request: 0.000026 seconds.
  path: Assets/Office Room Furniture/Office/Textures/OfficeDesk_2.png
  artifactKey: Guid(c2cc055053fe0ec419e77461134ca453) Importer(815301076,1909f56bfc062723c751e8b465ee728b)
Start importing Assets/Office Room Furniture/Office/Textures/OfficeDesk_2.png using Guid(c2cc055053fe0ec419e77461134ca453) Importer(815301076,1909f56bfc062723c751e8b465ee728b)  -> (artifact id: 'ec216bdbecff418f39f86828addc7f7c') in 0.023422 seconds 
========================================================================
Received Import Request.
  Time since last request: 0.000023 seconds.
  path: Assets/Office Room Furniture/Office/Textures/Armchair_2.png
  artifactKey: Guid(9f87e967abe788942982716db167aa5d) Importer(815301076,1909f56bfc062723c751e8b465ee728b)
Start importing Assets/Office Room Furniture/Office/Textures/Armchair_2.png using Guid(9f87e967abe788942982716db167aa5d) Importer(815301076,1909f56bfc062723c751e8b465ee728b)  -> (artifact id: '0aa50445c2b255fea969ee15048dfa21') in 0.012945 seconds 
========================================================================
Received Import Request.
  Time since last request: 0.000028 seconds.
  path: Assets/Office Room Furniture/Office/Textures/Nesting_Table_1.png
  artifactKey: Guid(01163516efa8821408693b5c8693d321) Importer(815301076,1909f56bfc062723c751e8b465ee728b)
Start importing Assets/Office Room Furniture/Office/Textures/Nesting_Table_1.png using Guid(01163516efa8821408693b5c8693d321) Importer(815301076,1909f56bfc062723c751e8b465ee728b)  -> (artifact id: 'bc0622552ae5628b67188f95021b4c77') in 0.011907 seconds 
========================================================================
Received Import Request.
  Time since last request: 1.790177 seconds.
  path: Assets/Materials/BrickWall001.mat
  artifactKey: Guid(e77b8d5cfc776f84191b67c2c85f934d) Importer(815301076,1909f56bfc062723c751e8b465ee728b)
Start importing Assets/Materials/BrickWall001.mat using Guid(e77b8d5cfc776f84191b67c2c85f934d) Importer(815301076,1909f56bfc062723c751e8b465ee728b)  -> (artifact id: '45849a64b77ea376e8fb3a3d9c6d5980') in 0.066774 seconds 
========================================================================
Received Import Request.
  Time since last request: 7.526317 seconds.
  path: Assets/SampleScenes/Textures/SwatchMauveAlbedo.png
  artifactKey: Guid(27c9d88e434ddf14aab2263729d96588) Importer(815301076,1909f56bfc062723c751e8b465ee728b)
Start importing Assets/SampleScenes/Textures/SwatchMauveAlbedo.png using Guid(27c9d88e434ddf14aab2263729d96588) Importer(815301076,1909f56bfc062723c751e8b465ee728b)  -> (artifact id: 'c92a2dc6e02164a24072d7b524ece15d') in 0.014673 seconds 
========================================================================
Received Import Request.
  Time since last request: 0.000051 seconds.
  path: Assets/SampleScenes/Textures/SwatchOrangeAlbedo.png
  artifactKey: Guid(1b0dbc8d052d0ee45a5fa08650d0bf16) Importer(815301076,1909f56bfc062723c751e8b465ee728b)
Start importing Assets/SampleScenes/Textures/SwatchOrangeAlbedo.png using Guid(1b0dbc8d052d0ee45a5fa08650d0bf16) Importer(815301076,1909f56bfc062723c751e8b465ee728b)  -> (artifact id: '14b3015ea392473470f462c1f04824c7') in 0.013078 seconds 
========================================================================
Received Import Request.
  Time since last request: 0.000020 seconds.
  path: Assets/SampleScenes/Textures/SwatchPinkAlbedo.png
  artifactKey: Guid(e573d986e51134d48b79cf2761ab65b4) Importer(815301076,1909f56bfc062723c751e8b465ee728b)
Start importing Assets/SampleScenes/Textures/SwatchPinkAlbedo.png using Guid(e573d986e51134d48b79cf2761ab65b4) Importer(815301076,1909f56bfc062723c751e8b465ee728b)  -> (artifact id: '0df5ea5417a688e39ea9afe4d1e949f5') in 0.017207 seconds 
========================================================================
Received Import Request.
  Time since last request: 0.657007 seconds.
  path: Assets/SampleScenes/Textures/ChevronAlbedo.png
  artifactKey: Guid(a354bcb686ec6544bb340270e70b8f91) Importer(815301076,1909f56bfc062723c751e8b465ee728b)
Start importing Assets/SampleScenes/Textures/ChevronAlbedo.png using Guid(a354bcb686ec6544bb340270e70b8f91) Importer(815301076,1909f56bfc062723c751e8b465ee728b)  -> (artifact id: 'a5377821a37a4c437b5abffcba138bbf') in 0.017131 seconds 
========================================================================
Received Import Request.
  Time since last request: 0.000034 seconds.
  path: Assets/SampleScenes/Textures/GUIButtonEmpty.png
  artifactKey: Guid(c65405de1316e7f47b4884a5143589cc) Importer(815301076,1909f56bfc062723c751e8b465ee728b)
Start importing Assets/SampleScenes/Textures/GUIButtonEmpty.png using Guid(c65405de1316e7f47b4884a5143589cc) Importer(815301076,1909f56bfc062723c751e8b465ee728b)  -> (artifact id: 'effb7a57c61a20ac4fa13d9347343a1b') in 0.017264 seconds 
========================================================================
Received Import Request.
  Time since last request: 0.000022 seconds.
  path: Assets/SampleScenes/Textures/GUICameraCycle.png
  artifactKey: Guid(266f4b0c2c7c161438daa4b595a09a33) Importer(815301076,1909f56bfc062723c751e8b465ee728b)
Start importing Assets/SampleScenes/Textures/GUICameraCycle.png using Guid(266f4b0c2c7c161438daa4b595a09a33) Importer(815301076,1909f56bfc062723c751e8b465ee728b)  -> (artifact id: '09e4cf544963253953a286ab73bc8d1b') in 0.017189 seconds 
========================================================================
Received Import Request.
  Time since last request: 0.000023 seconds.
  path: Assets/SampleScenes/Textures/SwatchTealAlbedo.png
  artifactKey: Guid(55aa8af457d5bdb419c375b143edb6a5) Importer(815301076,1909f56bfc062723c751e8b465ee728b)
Start importing Assets/SampleScenes/Textures/SwatchTealAlbedo.png using Guid(55aa8af457d5bdb419c375b143edb6a5) Importer(815301076,1909f56bfc062723c751e8b465ee728b)  -> (artifact id: 'a2d7eb8ff5d1a53d5a27b3b495d49bac') in 0.012432 seconds 
========================================================================
Received Import Request.
  Time since last request: 0.000022 seconds.
  path: Assets/SampleScenes/Textures/GUIButtonSwitchLeft.png
  artifactKey: Guid(9f5ab9ae73e0b44818b90bdd62dbf028) Importer(815301076,1909f56bfc062723c751e8b465ee728b)
Start importing Assets/SampleScenes/Textures/GUIButtonSwitchLeft.png using Guid(9f5ab9ae73e0b44818b90bdd62dbf028) Importer(815301076,1909f56bfc062723c751e8b465ee728b)  -> (artifact id: 'eb345f4555ead517dbb58c9c1c00a18e') in 0.015428 seconds 
========================================================================
Received Import Request.
  Time since last request: 0.000022 seconds.
  path: Assets/SampleScenes/Textures/GUIButtonReset.png
  artifactKey: Guid(656566cd3f0724ab1b3f90a4407b381f) Importer(815301076,1909f56bfc062723c751e8b465ee728b)
Start importing Assets/SampleScenes/Textures/GUIButtonReset.png using Guid(656566cd3f0724ab1b3f90a4407b381f) Importer(815301076,1909f56bfc062723c751e8b465ee728b)  -> (artifact id: 'eddb90400dcf7ff6b0ee07e99b6a98d2') in 0.019570 seconds 
========================================================================
Received Import Request.
  Time since last request: 0.000014 seconds.
  path: Assets/SampleScenes/Textures/GridEmissive.png
  artifactKey: Guid(f12438971f1ef65478bf3b3f12e0aab4) Importer(815301076,1909f56bfc062723c751e8b465ee728b)
Start importing Assets/SampleScenes/Textures/GridEmissive.png using Guid(f12438971f1ef65478bf3b3f12e0aab4) Importer(815301076,1909f56bfc062723c751e8b465ee728b)  -> (artifact id: 'c56b813b69fdbaa2233d1d2d644b34d7') in 0.012415 seconds 
Editor requested this worker to shutdown with reason: Scaling down because of idle timeout
AssetImportWorker is now disconnected from the server
Process exiting
Exiting without the bug reporter. Application will terminate with return code 0