Using pre-set license
Built from '2021.3/staging' branch; Version is '2021.3.1f1 (3b70a0754835) revision 3895456'; Using compiler version '192829333'; Build Type 'Release'
OS: 'Windows 11  (10.0.22000) 64bit Core' Language: 'en' Physical Memory: 16222 MB
BatchMode: 1, IsHumanControllingUs: 0, StartBugReporterOnCrash: 0, Is64bit: 1, IsPro: 1

COMMAND LINE ARGUMENTS:
C:\Program Files\Unity\Hub\Editor\2021.3.1f1\Editor\Unity.exe
-adb2
-batchMode
-noUpm
-name
AssetImportWorker3
-projectPath
C:/Users/ayham/My project
-logFile
Logs/AssetImportWorker3.log
-srvPort
63643
Successfully changed project path to: C:/Users/ayham/My project
C:/Users/ayham/My project
[UnityMemory] Configuration Parameters - Can be set up in boot.config
    "memorysetup-bucket-allocator-granularity=16"
    "memorysetup-bucket-allocator-bucket-count=8"
    "memorysetup-bucket-allocator-block-size=33554432"
    "memorysetup-bucket-allocator-block-count=8"
    "memorysetup-main-allocator-block-size=16777216"
    "memorysetup-thread-allocator-block-size=16777216"
    "memorysetup-gfx-main-allocator-block-size=16777216"
    "memorysetup-gfx-thread-allocator-block-size=16777216"
    "memorysetup-cache-allocator-block-size=4194304"
    "memorysetup-typetree-allocator-block-size=2097152"
    "memorysetup-profiler-bucket-allocator-granularity=16"
    "memorysetup-profiler-bucket-allocator-bucket-count=8"
    "memorysetup-profiler-bucket-allocator-block-size=33554432"
    "memorysetup-profiler-bucket-allocator-block-count=8"
    "memorysetup-profiler-allocator-block-size=16777216"
    "memorysetup-profiler-editor-allocator-block-size=1048576"
    "memorysetup-temp-allocator-size-main=16777216"
    "memorysetup-job-temp-allocator-block-size=2097152"
    "memorysetup-job-temp-allocator-block-size-background=1048576"
    "memorysetup-job-temp-allocator-reduction-small-platforms=262144"
    "memorysetup-temp-allocator-size-background-worker=32768"
    "memorysetup-temp-allocator-size-job-worker=262144"
    "memorysetup-temp-allocator-size-preload-manager=33554432"
    "memorysetup-temp-allocator-size-nav-mesh-worker=65536"
    "memorysetup-temp-allocator-size-audio-worker=65536"
    "memorysetup-temp-allocator-size-cloud-worker=32768"
    "memorysetup-temp-allocator-size-gi-baking-worker=262144"
    "memorysetup-temp-allocator-size-gfx=262144"
Refreshing native plugins compatible for Editor in 30.20 ms, found 2 plugins.
Preloading 0 native plugins for Editor in 0.00 ms.
Initialize engine version: 2021.3.1f1 (3b70a0754835)
[Subsystems] Discovering subsystems at path C:/Program Files/Unity/Hub/Editor/2021.3.1f1/Editor/Data/Resources/UnitySubsystems
[Subsystems] Discovering subsystems at path C:/Users/ayham/My project/Assets
GfxDevice: creating device client; threaded=0; jobified=0
Direct3D:
    Version:  Direct3D 11.0 [level 11.1]
    Renderer: NVIDIA GeForce RTX 2070 Super (ID=0x1ed1)
    Vendor:   NVIDIA
    VRAM:     8012 MB
    Driver:   30.0.15.1179
Initialize mono
Mono path[0] = 'C:/Program Files/Unity/Hub/Editor/2021.3.1f1/Editor/Data/Managed'
Mono path[1] = 'C:/Program Files/Unity/Hub/Editor/2021.3.1f1/Editor/Data/MonoBleedingEdge/lib/mono/unityjit-win32'
Mono config path = 'C:/Program Files/Unity/Hub/Editor/2021.3.1f1/Editor/Data/MonoBleedingEdge/etc'
Using monoOptions --debugger-agent=transport=dt_socket,embedding=1,server=y,suspend=n,address=127.0.0.1:56576
Begin MonoManager ReloadAssembly
Registering precompiled unity dll's ...
Register platform support module: C:/Program Files/Unity/Hub/Editor/2021.3.1f1/Editor/Data/PlaybackEngines/WindowsStandaloneSupport/UnityEditor.WindowsStandalone.Extensions.dll
Registered in 0.003613 seconds.
Native extension for WindowsStandalone target not found
Refreshing native plugins compatible for Editor in 29.47 ms, found 2 plugins.
Preloading 0 native plugins for Editor in 0.00 ms.
Mono: successfully reloaded assembly
- Completed reload, in  0.530 seconds
Domain Reload Profiling:
	ReloadAssembly (530ms)
		BeginReloadAssembly (62ms)
			ExecutionOrderSort (0ms)
			DisableScriptedObjects (0ms)
			BackupInstance (0ms)
			ReleaseScriptingObjects (0ms)
			CreateAndSetChildDomain (1ms)
		EndReloadAssembly (369ms)
			LoadAssemblies (60ms)
			RebuildTransferFunctionScriptingTraits (0ms)
			SetupTypeCache (99ms)
			ReleaseScriptCaches (0ms)
			RebuildScriptCaches (28ms)
			SetupLoadedEditorAssemblies (196ms)
				LogAssemblyErrors (0ms)
				InitializePlatformSupportModulesInManaged (6ms)
				SetLoadedEditorAssemblies (1ms)
				RefreshPlugins (30ms)
				BeforeProcessingInitializeOnLoad (1ms)
				ProcessInitializeOnLoadAttributes (117ms)
				ProcessInitializeOnLoadMethodAttributes (42ms)
				AfterProcessingInitializeOnLoad (0ms)
				EditorAssembliesLoaded (0ms)
			ExecutionOrderSort2 (0ms)
			AwakeInstancesAfterBackupRestoration (0ms)
Platform modules already initialized, skipping
Registering precompiled user dll's ...
Registered in 0.001975 seconds.
Begin MonoManager ReloadAssembly
Symbol file LoadedFromMemory is not a mono symbol file
Native extension for WindowsStandalone target not found
Refreshing native plugins compatible for Editor in 0.44 ms, found 2 plugins.
Preloading 0 native plugins for Editor in 0.00 ms.
Mono: successfully reloaded assembly
- Completed reload, in  0.821 seconds
Domain Reload Profiling:
	ReloadAssembly (821ms)
		BeginReloadAssembly (99ms)
			ExecutionOrderSort (0ms)
			DisableScriptedObjects (5ms)
			BackupInstance (0ms)
			ReleaseScriptingObjects (0ms)
			CreateAndSetChildDomain (19ms)
		EndReloadAssembly (610ms)
			LoadAssemblies (71ms)
			RebuildTransferFunctionScriptingTraits (0ms)
			SetupTypeCache (173ms)
			ReleaseScriptCaches (0ms)
			RebuildScriptCaches (45ms)
			SetupLoadedEditorAssemblies (280ms)
				LogAssemblyErrors (0ms)
				InitializePlatformSupportModulesInManaged (5ms)
				SetLoadedEditorAssemblies (0ms)
				RefreshPlugins (0ms)
				BeforeProcessingInitializeOnLoad (50ms)
				ProcessInitializeOnLoadAttributes (197ms)
				ProcessInitializeOnLoadMethodAttributes (23ms)
				AfterProcessingInitializeOnLoad (5ms)
				EditorAssembliesLoaded (0ms)
			ExecutionOrderSort2 (0ms)
			AwakeInstancesAfterBackupRestoration (5ms)
Platform modules already initialized, skipping
========================================================================
Worker process is ready to serve import requests
Launched and connected shader compiler UnityShaderCompiler.exe after 0.07 seconds
Refreshing native plugins compatible for Editor in 0.36 ms, found 2 plugins.
Preloading 0 native plugins for Editor in 0.00 ms.
Unloading 1663 Unused Serialized files (Serialized files now loaded: 0)
Unloading 18 unused Assets / (413.8 KB). Loaded Objects now: 2134.
Memory consumption went from 80.6 MB to 80.2 MB.
Total: 3.882200 ms (FindLiveObjects: 0.296000 ms CreateObjectMapping: 0.124000 ms MarkObjects: 3.180800 ms  DeleteObjects: 0.280400 ms)

AssetImportParameters requested are different than current active one (requested -> active):
  custom:video-decoder-ogg-theora: a1e56fd34408186e4bbccfd4996cb3dc -> 
  custom:container-muxer-webm: aa71ff27fc2769a1b78a27578f13a17b -> 
  custom:container-demuxer-webm: 4f35f7cbe854078d1ac9338744f61a02 -> 
  custom:video-encoder-webm-vp8: eb34c28f22e8b96e1ab97ce403110664 -> 
  custom:video-codec-MediaFoundation-h265: 746d11721c4dcdbdad8f713fa42b33f4 -> 
  custom:audio-encoder-webm-vorbis: bf7c407c2cedff20999df2af8eb42d56 -> 
  custom:framework-win-MediaFoundation: 216162199b28c13a410421893ffa2e32 -> 
  custom:container-demuxer-ogg: 62fdf1f143b41e24485cea50d1cbac27 -> 
  custom:video-decoder-webm-vp8: 9c59270c3fd7afecdb556c50c9e8de78 -> 
  custom:audio-decoder-ogg-vorbis: bf7c407c2cedff20999df2af8eb42d56 -> 
========================================================================
Received Import Request.
  Time since last request: 8418.437781 seconds.
  path: Assets/SampleScenes/Materials/NavyDarkSmooth.mat
  artifactKey: Guid(338dbf9d35df70d428453cc78f8eaa18) Importer(815301076,1909f56bfc062723c751e8b465ee728b)
Start importing Assets/SampleScenes/Materials/NavyDarkSmooth.mat using Guid(338dbf9d35df70d428453cc78f8eaa18) Importer(815301076,1909f56bfc062723c751e8b465ee728b)  -> (artifact id: '83f545f2b408ec4af615e2b1793982b3') in 0.389711 seconds 
========================================================================
Received Import Request.
  Time since last request: 0.000027 seconds.
  path: Assets/SampleScenes/Materials/ParticleClouds.mat
  artifactKey: Guid(efb74a60b37f60a41add571d33f34fff) Importer(815301076,1909f56bfc062723c751e8b465ee728b)
Start importing Assets/SampleScenes/Materials/ParticleClouds.mat using Guid(efb74a60b37f60a41add571d33f34fff) Importer(815301076,1909f56bfc062723c751e8b465ee728b)  -> (artifact id: 'c120f0c90bdeb07abe49eaff855c6299') in 0.052192 seconds 
========================================================================
Received Import Request.
  Time since last request: 0.000036 seconds.
  path: Assets/SampleScenes/Materials/WhiteUnlit.mat
  artifactKey: Guid(432d27f28c1251041bd6d1753602d5f0) Importer(815301076,1909f56bfc062723c751e8b465ee728b)
Start importing Assets/SampleScenes/Materials/WhiteUnlit.mat using Guid(432d27f28c1251041bd6d1753602d5f0) Importer(815301076,1909f56bfc062723c751e8b465ee728b)  -> (artifact id: '22cc085ec0608973fb5479eab951bcc9') in 0.042692 seconds 
========================================================================
Received Import Request.
  Time since last request: 207.842453 seconds.
  path: Assets/Office Room Furniture/Office/Materials/Armchair_2.mat
  artifactKey: Guid(419d7ec44a6ba2d41b394b2deba87f8f) Importer(815301076,1909f56bfc062723c751e8b465ee728b)
Start importing Assets/Office Room Furniture/Office/Materials/Armchair_2.mat using Guid(419d7ec44a6ba2d41b394b2deba87f8f) Importer(815301076,1909f56bfc062723c751e8b465ee728b)  -> (artifact id: '0918db174b5cf9f407963e7ac3fb4b06') in 0.054470 seconds 
========================================================================
Received Import Request.
  Time since last request: 0.000023 seconds.
  path: Assets/Office Room Furniture/Office/Materials/NestingTable_1.mat
  artifactKey: Guid(aaa556c29b063764c9904e9a20a3e43e) Importer(815301076,1909f56bfc062723c751e8b465ee728b)
Start importing Assets/Office Room Furniture/Office/Materials/NestingTable_1.mat using Guid(aaa556c29b063764c9904e9a20a3e43e) Importer(815301076,1909f56bfc062723c751e8b465ee728b)  -> (artifact id: '477a3ad7c9ef108da849c6cb0b1d7e99') in 0.038120 seconds 
========================================================================
Received Import Request.
  Time since last request: 0.000016 seconds.
  path: Assets/Office Room Furniture/Office/Materials/Grandmother_Fade.mat
  artifactKey: Guid(a5ed9859ce9b61b4db473794c18df996) Importer(815301076,1909f56bfc062723c751e8b465ee728b)
Start importing Assets/Office Room Furniture/Office/Materials/Grandmother_Fade.mat using Guid(a5ed9859ce9b61b4db473794c18df996) Importer(815301076,1909f56bfc062723c751e8b465ee728b)  -> (artifact id: 'a0cba3989ae6032fd2e6867bb27343ad') in 0.048890 seconds 
========================================================================
Received Import Request.
  Time since last request: 0.000022 seconds.
  path: Assets/Office Room Furniture/Office/Materials/FloorPlant_Cutot.mat
  artifactKey: Guid(957f0f87c3eacab40bc2c25bc9f7f099) Importer(815301076,1909f56bfc062723c751e8b465ee728b)
Start importing Assets/Office Room Furniture/Office/Materials/FloorPlant_Cutot.mat using Guid(957f0f87c3eacab40bc2c25bc9f7f099) Importer(815301076,1909f56bfc062723c751e8b465ee728b) Render queue value outside of the allowed range (2450 - 2500) for selected Blend mode, resetting render queue to default
 -> (artifact id: '3ea01ad8b47d5cc04e50d87f97726725') in 0.320119 seconds 
========================================================================
Received Import Request.
  Time since last request: 5.005376 seconds.
  path: Assets/Office Room Furniture/Office/Textures/Armchair_1_Specular.png
  artifactKey: Guid(0cd262e15db74544091ccef2b761f119) Importer(815301076,1909f56bfc062723c751e8b465ee728b)
Start importing Assets/Office Room Furniture/Office/Textures/Armchair_1_Specular.png using Guid(0cd262e15db74544091ccef2b761f119) Importer(815301076,1909f56bfc062723c751e8b465ee728b)  -> (artifact id: '03744127f710df1372a21f438ec66130') in 0.027252 seconds 
========================================================================
Received Import Request.
  Time since last request: 0.000018 seconds.
  path: Assets/Office Room Furniture/Office/Textures/Armchair_3.png
  artifactKey: Guid(589d0a3d7ede8b84ab8d69e1038cdb0e) Importer(815301076,1909f56bfc062723c751e8b465ee728b)
Start importing Assets/Office Room Furniture/Office/Textures/Armchair_3.png using Guid(589d0a3d7ede8b84ab8d69e1038cdb0e) Importer(815301076,1909f56bfc062723c751e8b465ee728b)  -> (artifact id: '4609b91cf2bd94fe8fffababd85b5275') in 0.012900 seconds 
========================================================================
Received Import Request.
  Time since last request: 0.000027 seconds.
  path: Assets/Office Room Furniture/Office/Textures/Monitor_1_Emission.png
  artifactKey: Guid(f6a5262e4cd3cd34c8d692d187574227) Importer(815301076,1909f56bfc062723c751e8b465ee728b)
Start importing Assets/Office Room Furniture/Office/Textures/Monitor_1_Emission.png using Guid(f6a5262e4cd3cd34c8d692d187574227) Importer(815301076,1909f56bfc062723c751e8b465ee728b)  -> (artifact id: '0bea4f52b6fdb5be02e44f215cb11daf') in 0.012945 seconds 
========================================================================
Received Import Request.
  Time since last request: 0.000029 seconds.
  path: Assets/Office Room Furniture/Office/Textures/Nesting_Table_3.png
  artifactKey: Guid(c43f30dd8e51b9e41909d971b0997368) Importer(815301076,1909f56bfc062723c751e8b465ee728b)
Start importing Assets/Office Room Furniture/Office/Textures/Nesting_Table_3.png using Guid(c43f30dd8e51b9e41909d971b0997368) Importer(815301076,1909f56bfc062723c751e8b465ee728b)  -> (artifact id: 'dd09ee008748d042bb405f1d48e8bdc6') in 0.020327 seconds 
========================================================================
Received Import Request.
  Time since last request: 0.000022 seconds.
  path: Assets/Office Room Furniture/Office/Textures/Objects_1_Normal.png
  artifactKey: Guid(b8811f30e86ec714e81b298574289d0d) Importer(815301076,1909f56bfc062723c751e8b465ee728b)
Start importing Assets/Office Room Furniture/Office/Textures/Objects_1_Normal.png using Guid(b8811f30e86ec714e81b298574289d0d) Importer(815301076,1909f56bfc062723c751e8b465ee728b)  -> (artifact id: 'a47e9726d56e69b0c084c1b83f5f8065') in 0.023221 seconds 
========================================================================
Received Import Request.
  Time since last request: 0.000020 seconds.
  path: Assets/Office Room Furniture/Office/Textures/Nesting_Table_1_Normal.png
  artifactKey: Guid(03e68c1b1e56e814a9e62452f7a6c2d7) Importer(815301076,1909f56bfc062723c751e8b465ee728b)
Start importing Assets/Office Room Furniture/Office/Textures/Nesting_Table_1_Normal.png using Guid(03e68c1b1e56e814a9e62452f7a6c2d7) Importer(815301076,1909f56bfc062723c751e8b465ee728b)  -> (artifact id: 'a8ee45c68cf1055c14d923142e6e3e58') in 0.020819 seconds 
========================================================================
Received Import Request.
  Time since last request: 0.000024 seconds.
  path: Assets/Office Room Furniture/Office/Textures/Floor_Lamp_1_Emission.png
  artifactKey: Guid(4b641a4047faefb46a7134c4b454516b) Importer(815301076,1909f56bfc062723c751e8b465ee728b)
Start importing Assets/Office Room Furniture/Office/Textures/Floor_Lamp_1_Emission.png using Guid(4b641a4047faefb46a7134c4b454516b) Importer(815301076,1909f56bfc062723c751e8b465ee728b)  -> (artifact id: '49a11f69174fe32e8b06ebbddbcfd092') in 0.022629 seconds 
========================================================================
Received Import Request.
  Time since last request: 0.000026 seconds.
  path: Assets/Office Room Furniture/Office/Textures/Objects_1.png
  artifactKey: Guid(0806001f808069941ac772b70842d30f) Importer(815301076,1909f56bfc062723c751e8b465ee728b)
Start importing Assets/Office Room Furniture/Office/Textures/Objects_1.png using Guid(0806001f808069941ac772b70842d30f) Importer(815301076,1909f56bfc062723c751e8b465ee728b)  -> (artifact id: '6bffdf16f628309e92c9e17f515cf0c8') in 0.020641 seconds 
========================================================================
Received Import Request.
  Time since last request: 0.000022 seconds.
  path: Assets/Office Room Furniture/Office/Textures/MouseKeyboard_1.png
  artifactKey: Guid(ecd2466740018a8488cf721288259769) Importer(815301076,1909f56bfc062723c751e8b465ee728b)
Start importing Assets/Office Room Furniture/Office/Textures/MouseKeyboard_1.png using Guid(ecd2466740018a8488cf721288259769) Importer(815301076,1909f56bfc062723c751e8b465ee728b)  -> (artifact id: '37093e51ef82f1853a6e8e6dcbbef7f7') in 0.023458 seconds 
========================================================================
Received Import Request.
  Time since last request: 0.000024 seconds.
  path: Assets/Office Room Furniture/Office/Textures/OfficeChair_1_Normal.png
  artifactKey: Guid(79975e6d1855de54f853c7502c7f24ad) Importer(815301076,1909f56bfc062723c751e8b465ee728b)
Start importing Assets/Office Room Furniture/Office/Textures/OfficeChair_1_Normal.png using Guid(79975e6d1855de54f853c7502c7f24ad) Importer(815301076,1909f56bfc062723c751e8b465ee728b)  -> (artifact id: '4a3f8c63fd22680bce439414e3317434') in 0.024787 seconds 
========================================================================
Received Import Request.
  Time since last request: 0.000021 seconds.
  path: Assets/Office Room Furniture/Office/Textures/OfficeChair_1.png
  artifactKey: Guid(13e85af8f372f3e49a9419170772dc30) Importer(815301076,1909f56bfc062723c751e8b465ee728b)
Start importing Assets/Office Room Furniture/Office/Textures/OfficeChair_1.png using Guid(13e85af8f372f3e49a9419170772dc30) Importer(815301076,1909f56bfc062723c751e8b465ee728b)  -> (artifact id: 'c69d4f37ffd6850faff21fbbcf3cf48f') in 0.015056 seconds 
========================================================================
Received Import Request.
  Time since last request: 0.000021 seconds.
  path: Assets/Office Room Furniture/Office/Textures/Floor_Lamp_1_Normal.png
  artifactKey: Guid(3fa5712015f4cad45b5e96d99b15d4a3) Importer(815301076,1909f56bfc062723c751e8b465ee728b)
Start importing Assets/Office Room Furniture/Office/Textures/Floor_Lamp_1_Normal.png using Guid(3fa5712015f4cad45b5e96d99b15d4a3) Importer(815301076,1909f56bfc062723c751e8b465ee728b)  -> (artifact id: 'a34a0f54656adce7b875f39d46834611') in 0.015265 seconds 
========================================================================
Received Import Request.
  Time since last request: 0.000022 seconds.
  path: Assets/Office Room Furniture/Office/Textures/Frame_1_Specularr.png
  artifactKey: Guid(d1f60996ce2d30d4aa19dfba3f373c46) Importer(815301076,1909f56bfc062723c751e8b465ee728b)
Start importing Assets/Office Room Furniture/Office/Textures/Frame_1_Specularr.png using Guid(d1f60996ce2d30d4aa19dfba3f373c46) Importer(815301076,1909f56bfc062723c751e8b465ee728b)  -> (artifact id: 'f80a988e948d9b4cc42d2ee08a855dc4') in 0.013779 seconds 
========================================================================
Received Import Request.
  Time since last request: 0.000033 seconds.
  path: Assets/Office Room Furniture/Office/Textures/Monitor_1_Normal.png
  artifactKey: Guid(8929694cc4602b64f86f195a3c376c15) Importer(815301076,1909f56bfc062723c751e8b465ee728b)
Start importing Assets/Office Room Furniture/Office/Textures/Monitor_1_Normal.png using Guid(8929694cc4602b64f86f195a3c376c15) Importer(815301076,1909f56bfc062723c751e8b465ee728b)  -> (artifact id: '88cd7debd636d6d62d0e8be2739a2ca3') in 0.011580 seconds 
========================================================================
Received Import Request.
  Time since last request: 1.790437 seconds.
  path: Assets/Materials/Tile001.mat
  artifactKey: Guid(c78a5c6c820233343af711410a3306b9) Importer(815301076,1909f56bfc062723c751e8b465ee728b)
Start importing Assets/Materials/Tile001.mat using Guid(c78a5c6c820233343af711410a3306b9) Importer(815301076,1909f56bfc062723c751e8b465ee728b)  -> (artifact id: 'd94b658583d93733424c9976f7d5fd35') in 0.017166 seconds 
========================================================================
Received Import Request.
  Time since last request: 7.572314 seconds.
  path: Assets/SampleScenes/Textures/SwatchNavyAlbedo.png
  artifactKey: Guid(ee5f9bf88befa4e4eb6ac1d74dae4051) Importer(815301076,1909f56bfc062723c751e8b465ee728b)
Start importing Assets/SampleScenes/Textures/SwatchNavyAlbedo.png using Guid(ee5f9bf88befa4e4eb6ac1d74dae4051) Importer(815301076,1909f56bfc062723c751e8b465ee728b)  -> (artifact id: '5b79dbc8c67a67c10ba5e4e472483ebe') in 0.017881 seconds 
========================================================================
Received Import Request.
  Time since last request: 0.000019 seconds.
  path: Assets/Standard Assets/Prototyping/Textures/SwatchNavyDarkAlbedo.png
  artifactKey: Guid(a336ccf90791f9841b7e680c010d1e88) Importer(815301076,1909f56bfc062723c751e8b465ee728b)
Start importing Assets/Standard Assets/Prototyping/Textures/SwatchNavyDarkAlbedo.png using Guid(a336ccf90791f9841b7e680c010d1e88) Importer(815301076,1909f56bfc062723c751e8b465ee728b)  -> (artifact id: 'e8498b0b997885ddf06483a6eb197e39') in 0.019147 seconds 
========================================================================
Received Import Request.
  Time since last request: 0.000034 seconds.
  path: Assets/Standard Assets/Prototyping/Textures/SwatchOrangeAlbedo.png
  artifactKey: Guid(8b939c5b46fae7e49af7d85f731ba4ec) Importer(815301076,1909f56bfc062723c751e8b465ee728b)
Start importing Assets/Standard Assets/Prototyping/Textures/SwatchOrangeAlbedo.png using Guid(8b939c5b46fae7e49af7d85f731ba4ec) Importer(815301076,1909f56bfc062723c751e8b465ee728b)  -> (artifact id: '4e37f38885c715eefcf234c80fd296e3') in 0.012664 seconds 
========================================================================
Received Import Request.
  Time since last request: 0.658486 seconds.
  path: Assets/SampleScenes/Textures/FlyerPlayershipAlbedo.tif
  artifactKey: Guid(512e488bce130734aae5f494c86272be) Importer(815301076,1909f56bfc062723c751e8b465ee728b)
Start importing Assets/SampleScenes/Textures/FlyerPlayershipAlbedo.tif using Guid(512e488bce130734aae5f494c86272be) Importer(815301076,1909f56bfc062723c751e8b465ee728b)  -> (artifact id: '1ac7399780dd13297a4cccaf70be32a6') in 0.020255 seconds 
========================================================================
Received Import Request.
  Time since last request: 0.000040 seconds.
  path: Assets/SampleScenes/Textures/GUIButtonSwitchRight.png
  artifactKey: Guid(18ae03f5df3df2e47815aff6f3c6e50c) Importer(815301076,1909f56bfc062723c751e8b465ee728b)
Start importing Assets/SampleScenes/Textures/GUIButtonSwitchRight.png using Guid(18ae03f5df3df2e47815aff6f3c6e50c) Importer(815301076,1909f56bfc062723c751e8b465ee728b)  -> (artifact id: 'cabe661d977805feff881e3e6d925075') in 0.016937 seconds 
========================================================================
Received Import Request.
  Time since last request: 0.000022 seconds.
  path: Assets/SampleScenes/Textures/GUIReticle.png
  artifactKey: Guid(c03c72978d15ecb4d91060d3a10d14f0) Importer(815301076,1909f56bfc062723c751e8b465ee728b)
Start importing Assets/SampleScenes/Textures/GUIReticle.png using Guid(c03c72978d15ecb4d91060d3a10d14f0) Importer(815301076,1909f56bfc062723c751e8b465ee728b)  -> (artifact id: 'eca74194c75278b792c9819275636998') in 0.039789 seconds 
========================================================================
Received Import Request.
  Time since last request: 0.000022 seconds.
  path: Assets/SampleScenes/Textures/GUITimescaleSlow.png
  artifactKey: Guid(7be95422710fa4b018659390b6108d74) Importer(815301076,1909f56bfc062723c751e8b465ee728b)
Start importing Assets/SampleScenes/Textures/GUITimescaleSlow.png using Guid(7be95422710fa4b018659390b6108d74) Importer(815301076,1909f56bfc062723c751e8b465ee728b)  -> (artifact id: '02899e8f06c7e344909c7f10bae89b11') in 0.019512 seconds 
========================================================================
Received Import Request.
  Time since last request: 0.000026 seconds.
  path: Assets/SampleScenes/Textures/GUIButtonRun.png
  artifactKey: Guid(d475714451e40d84286be5d2dfabff88) Importer(815301076,1909f56bfc062723c751e8b465ee728b)
Start importing Assets/SampleScenes/Textures/GUIButtonRun.png using Guid(d475714451e40d84286be5d2dfabff88) Importer(815301076,1909f56bfc062723c751e8b465ee728b)  -> (artifact id: 'b4e8a0bac3600d7426bf91118c7e8340') in 0.017612 seconds 
========================================================================
Received Import Request.
  Time since last request: 0.000025 seconds.
  path: Assets/SampleScenes/Textures/SwatchYellowAlbedo.png
  artifactKey: Guid(82e9fd4029ec6cc40b9301835032532f) Importer(815301076,1909f56bfc062723c751e8b465ee728b)
Start importing Assets/SampleScenes/Textures/SwatchYellowAlbedo.png using Guid(82e9fd4029ec6cc40b9301835032532f) Importer(815301076,1909f56bfc062723c751e8b465ee728b)  -> (artifact id: '56402ed20cc5e38fdee29e2bf9e3d513') in 0.010767 seconds 
========================================================================
Received Import Request.
  Time since last request: 1170.959401 seconds.
  path: Assets/SampleScenes/Materials/FlyerAsteroidEmissive.mat
  artifactKey: Guid(865d5284e8067d94badd4eabc6654bfd) Importer(815301076,1909f56bfc062723c751e8b465ee728b)
Start importing Assets/SampleScenes/Materials/FlyerAsteroidEmissive.mat using Guid(865d5284e8067d94badd4eabc6654bfd) Importer(815301076,1909f56bfc062723c751e8b465ee728b)  -> (artifact id: 'c871a6edbfaadb3842e0020cfb6f5eb7') in 0.017365 seconds 
========================================================================
Received Import Request.
  Time since last request: 0.000025 seconds.
  path: Assets/SampleScenes/Materials/FlyerPlayershipEmission.mat
  artifactKey: Guid(29fd925e4e1eb0442bfb7d3b63289d3f) Importer(815301076,1909f56bfc062723c751e8b465ee728b)
Start importing Assets/SampleScenes/Materials/FlyerPlayershipEmission.mat using Guid(29fd925e4e1eb0442bfb7d3b63289d3f) Importer(815301076,1909f56bfc062723c751e8b465ee728b)  -> (artifact id: '976407b413e66de6716742699cc9c83a') in 0.013732 seconds 
========================================================================
Received Import Request.
  Time since last request: 0.000017 seconds.
  path: Assets/SampleScenes/Materials/GridEmissive.mat
  artifactKey: Guid(001c7774e5c07584bb061117b3b85383) Importer(815301076,1909f56bfc062723c751e8b465ee728b)
Start importing Assets/SampleScenes/Materials/GridEmissive.mat using Guid(001c7774e5c07584bb061117b3b85383) Importer(815301076,1909f56bfc062723c751e8b465ee728b)  -> (artifact id: '04e86fd6679defcd033ecb0e1f51b99f') in 0.148874 seconds 
========================================================================
Received Import Request.
  Time since last request: 0.000029 seconds.
  path: Assets/SampleScenes/Materials/TealSmooth.mat
  artifactKey: Guid(ee9f7b84e86227a4fadc5e7f42e84b97) Importer(815301076,1909f56bfc062723c751e8b465ee728b)
Start importing Assets/SampleScenes/Materials/TealSmooth.mat using Guid(ee9f7b84e86227a4fadc5e7f42e84b97) Importer(815301076,1909f56bfc062723c751e8b465ee728b)  -> (artifact id: '0f32b0a9fa10ad0e0fc052e13cdb17d0') in 0.013850 seconds 
========================================================================
Received Import Request.
  Time since last request: 0.000040 seconds.
  path: Assets/SampleScenes/Materials/WhiteSmooth.mat
  artifactKey: Guid(616853845a4a54949ac851f2f807aa2a) Importer(815301076,1909f56bfc062723c751e8b465ee728b)
Start importing Assets/SampleScenes/Materials/WhiteSmooth.mat using Guid(616853845a4a54949ac851f2f807aa2a) Importer(815301076,1909f56bfc062723c751e8b465ee728b)  -> (artifact id: 'db934e50e2dc2aebd834ac0875c4028f') in 0.016205 seconds 
========================================================================
Received Import Request.
  Time since last request: 0.000030 seconds.
  path: Assets/SampleScenes/Materials/SwatchMauveAlbedo.mat
  artifactKey: Guid(9e081595240e2f145ad036d638fe24a1) Importer(815301076,1909f56bfc062723c751e8b465ee728b)
Start importing Assets/SampleScenes/Materials/SwatchMauveAlbedo.mat using Guid(9e081595240e2f145ad036d638fe24a1) Importer(815301076,1909f56bfc062723c751e8b465ee728b)  -> (artifact id: '66a8b0edce65b8400817703124615ccb') in 0.024420 seconds 
========================================================================
Received Import Request.
  Time since last request: 0.000041 seconds.
  path: Assets/SampleScenes/Materials/SwatchYellowAlbedo.mat
  artifactKey: Guid(d3c15c0020527d64faae86442b91203b) Importer(815301076,1909f56bfc062723c751e8b465ee728b)
Start importing Assets/SampleScenes/Materials/SwatchYellowAlbedo.mat using Guid(d3c15c0020527d64faae86442b91203b) Importer(815301076,1909f56bfc062723c751e8b465ee728b)  -> (artifact id: '86692dfdd9d22aa6e0f4da947ad4935f') in 0.017346 seconds 
========================================================================
Received Import Request.
  Time since last request: 172.295328 seconds.
  path: Assets/Office Room Furniture/Demo/OfficeRoom/Textures/Door_1_2.png
  artifactKey: Guid(e2a18e18cf1990c4893f7fcc4cccb6d8) Importer(815301076,1909f56bfc062723c751e8b465ee728b)
Start importing Assets/Office Room Furniture/Demo/OfficeRoom/Textures/Door_1_2.png using Guid(e2a18e18cf1990c4893f7fcc4cccb6d8) Importer(815301076,1909f56bfc062723c751e8b465ee728b)  -> (artifact id: '8f3480084ee3edbfc104fbd6d69c0d91') in 0.033970 seconds 
========================================================================
Received Import Request.
  Time since last request: 0.000022 seconds.
  path: Assets/Office Room Furniture/Demo/OfficeRoom/Textures/TexturesCom_PlasterWhite0147_1_seamless_S.jpg
  artifactKey: Guid(cd2e2196df96b264997a18f830d925e4) Importer(815301076,1909f56bfc062723c751e8b465ee728b)
Start importing Assets/Office Room Furniture/Demo/OfficeRoom/Textures/TexturesCom_PlasterWhite0147_1_seamless_S.jpg using Guid(cd2e2196df96b264997a18f830d925e4) Importer(815301076,1909f56bfc062723c751e8b465ee728b)  -> (artifact id: '710cccb2c3af56f613a5a8d689ec9a4a') in 0.017049 seconds 
========================================================================
Received Import Request.
  Time since last request: 0.000021 seconds.
  path: Assets/Office Room Furniture/Demo/OfficeRoom/Textures/Door_1_Specular.png
  artifactKey: Guid(2486061cc51d95d498a1ab7f0379f4b3) Importer(815301076,1909f56bfc062723c751e8b465ee728b)
Start importing Assets/Office Room Furniture/Demo/OfficeRoom/Textures/Door_1_Specular.png using Guid(2486061cc51d95d498a1ab7f0379f4b3) Importer(815301076,1909f56bfc062723c751e8b465ee728b)  -> (artifact id: '75122adb24a3d50de3f99a0852dad34f') in 0.031824 seconds 
========================================================================
Received Import Request.
  Time since last request: 0.000029 seconds.
  path: Assets/Office Room Furniture/Demo/OfficeRoom/Textures/Plaster Normal.png
  artifactKey: Guid(10e87baeb7407f747a5778830acdb8f9) Importer(815301076,1909f56bfc062723c751e8b465ee728b)
Start importing Assets/Office Room Furniture/Demo/OfficeRoom/Textures/Plaster Normal.png using Guid(10e87baeb7407f747a5778830acdb8f9) Importer(815301076,1909f56bfc062723c751e8b465ee728b)  -> (artifact id: 'c6bf061dda50b4442d42bd07ee3d91d6') in 0.021143 seconds 
========================================================================
Received Import Request.
  Time since last request: 0.000032 seconds.
  path: Assets/Office Room Furniture/Demo/OfficeRoom/Textures/TexturesCom_WoodFine0035_1_seamless_S.jpg
  artifactKey: Guid(f0767cd2d18def14fbfc211efeda022a) Importer(815301076,1909f56bfc062723c751e8b465ee728b)
Start importing Assets/Office Room Furniture/Demo/OfficeRoom/Textures/TexturesCom_WoodFine0035_1_seamless_S.jpg using Guid(f0767cd2d18def14fbfc211efeda022a) Importer(815301076,1909f56bfc062723c751e8b465ee728b)  -> (artifact id: 'cee917c95226004e6cc925080eff6f51') in 0.017017 seconds 
========================================================================
Received Import Request.
  Time since last request: 0.000043 seconds.
  path: Assets/Office Room Furniture/Demo/OfficeRoom/Textures/TexturesCom_WoodFine0035_1_seamless_Specular.png
  artifactKey: Guid(03a39392aafa42544a177d566f1a2c4b) Importer(815301076,1909f56bfc062723c751e8b465ee728b)
Start importing Assets/Office Room Furniture/Demo/OfficeRoom/Textures/TexturesCom_WoodFine0035_1_seamless_Specular.png using Guid(03a39392aafa42544a177d566f1a2c4b) Importer(815301076,1909f56bfc062723c751e8b465ee728b)  -> (artifact id: '64c18e9bb7b8718d4e803ef248ca4225') in 0.022201 seconds 
========================================================================
Received Import Request.
  Time since last request: 0.000027 seconds.
  path: Assets/Office Room Furniture/Demo/OfficeRoom/Textures/TexturesCom_LandscapeCity0104_3_M.jpg
  artifactKey: Guid(85ae6215dd1f29b4e9cc691c77f914da) Importer(815301076,1909f56bfc062723c751e8b465ee728b)
Start importing Assets/Office Room Furniture/Demo/OfficeRoom/Textures/TexturesCom_LandscapeCity0104_3_M.jpg using Guid(85ae6215dd1f29b4e9cc691c77f914da) Importer(815301076,1909f56bfc062723c751e8b465ee728b)  -> (artifact id: '14e497943b7b298bc5bba3fc207b73d3') in 0.016807 seconds 
